<?xml version="1.0" encoding="UTF-8"?>
<!-- Generated by org.testng.reporters.JUnitXMLReporter -->
<testsuite hostname="MONO-HYD-LAP-78" name="Test" tests="1" failures="1" timestamp="30 May 2019 06:47:51 GMT" time="30.19" errors="0">
  <testcase name="Execution" time="30.16" classname="com.scrapPlant.functions.execution">
    <failure type="java.lang.NullPointerException">
      <![CDATA[java.lang.NullPointerException
	at com.scrapPlant.utilities.ReusableFunctions.renamefile(ReusableFunctions.java:470)
	at com.scrapPlant.utilities.ReusableFunctions.launchBrowser(ReusableFunctions.java:237)
	at com.scrapPlant.functions.execution.Execution(execution.java:16)
... Removed 30 stack frames]]>
    </failure>
  </testcase> <!-- Execution -->
</testsuite> <!-- Test -->
